<?xml version="1.0" encoding="UTF-8"?>
<testsuite xmlns:xsi="http://www.w3.org/2001/XMLSchema-instance" xsi:noNamespaceSchemaLocation="https://maven.apache.org/surefire/maven-surefire-plugin/xsd/surefire-test-report-3.0.xsd" version="3.0" name="com.compassuol.sp.challenge.msorders.service.OrderServiceTests" time="1.922" tests="4" errors="0" skipped="0" failures="0">
  <properties>
[...]
</properties>
  <testcase name="getTestFindByIdNotFound" classname="com.compassuol.sp.challenge.msorders.service.OrderServiceTests" time="0.068">
    <system-out><![CDATA[2023-10-17T11:14:17.057-03:00  INFO 60376 --- [           main] t.c.s.AnnotationConfigContextLoaderUtils : Could not detect default configuration classes for test class [com.compassuol.sp.challenge.msorders.service.OrderServiceTests]: OrderServiceTests does not declare any static, non-private, non-final, nested classes annotated with @Configuration.
2023-10-17T11:14:17.072-03:00  INFO 60376 --- [           main] .b.t.c.SpringBootTestContextBootstrapper : Found @SpringBootConfiguration com.compassuol.sp.challenge.msorders.MsOrdersApplication for test class com.compassuol.sp.challenge.msorders.service.OrderServiceTests
]]></system-out>
  </testcase>
  <testcase name="CreateOrder_withInvalidData_ReturnsNull" classname="com.compassuol.sp.challenge.msorders.service.OrderServiceTests" time="1.198"/>
  <testcase name="testFindByIdWithInvalidId" classname="com.compassuol.sp.challenge.msorders.service.OrderServiceTests" time="0.011"/>
  <testcase name="getTestFindById" classname="com.compassuol.sp.challenge.msorders.service.OrderServiceTests" time="0.016"/>
</testsuite>